# JRE version: Java(TM) SE Runtime Environment (8.0_191-b12) (build 1.8.0_191-b12)
# Java VM: Java HotSpot(TM) 64-Bit Server VM (25.191-b12 mixed mode bsd-amd64 compressed oops)
Heap:
 PSYoungGen      total 460288K, used 105024K [0x000000076ab00000, 0x0000000791e80000, 0x00000007c0000000)
  eden space 439808K, 23% used [0x000000076ab00000,0x0000000771190338,0x0000000785880000)
  from space 20480K, 0% used [0x0000000785880000,0x0000000785880000,0x0000000786c80000)
  to   space 19968K, 0% used [0x0000000790b00000,0x0000000790b00000,0x0000000791e80000)
 ParOldGen       total 138752K, used 23709K [0x00000006c0000000, 0x00000006c8780000, 0x000000076ab00000)
  object space 138752K, 17% used [0x00000006c0000000,0x00000006c1727470,0x00000006c8780000)
 Metaspace       used 61922K, capacity 64806K, committed 64840K, reserved 1105920K
  class space    used 8553K, capacity 9057K, committed 9088K, reserved 1048576K
GC Heap History (10 events):
Event: 2.380 GC heap before
{Heap before GC invocations=8 (full 1):
 PSYoungGen      total 254464K, used 168450K [0x000000076ab00000, 0x000000077bd00000, 0x00000007c0000000)
  eden space 245248K, 64% used [0x000000076ab00000,0x0000000774687438,0x0000000779a80000)
  from space 9216K, 99% used [0x000000077b400000,0x000000077bcf9560,0x000000077bd00000)
  to   space 10752K, 0% used [0x000000077a800000,0x000000077a800000,0x000000077b280000)
 ParOldGen       total 78848K, used 6526K [0x00000006c0000000, 0x00000006c4d00000, 0x000000076ab00000)
  object space 78848K, 8% used [0x00000006c0000000,0x00000006c065fa48,0x00000006c4d00000)
 Metaspace       used 34832K, capacity 36468K, committed 36600K, reserved 1081344K
  class space    used 4601K, capacity 4917K, committed 4992K, reserved 1048576K
Event: 2.392 GC heap after
Heap after GC invocations=8 (full 1):
 PSYoungGen      total 269824K, used 10720K [0x000000076ab00000, 0x0000000788080000, 0x00000007c0000000)
  eden space 259072K, 0% used [0x000000076ab00000,0x000000076ab00000,0x000000077a800000)
  from space 10752K, 99% used [0x000000077a800000,0x000000077b278388,0x000000077b280000)
  to   space 14848K, 0% used [0x0000000787200000,0x0000000787200000,0x0000000788080000)
 ParOldGen       total 78848K, used 11712K [0x00000006c0000000, 0x00000006c4d00000, 0x000000076ab00000)
  object space 78848K, 14% used [0x00000006c0000000,0x00000006c0b70288,0x00000006c4d00000)
 Metaspace       used 34832K, capacity 36468K, committed 36600K, reserved 1081344K
  class space    used 4601K, capacity 4917K, committed 4992K, reserved 1048576K
}
Event: 2.392 GC heap before
{Heap before GC invocations=9 (full 2):
 PSYoungGen      total 269824K, used 10720K [0x000000076ab00000, 0x0000000788080000, 0x00000007c0000000)
  eden space 259072K, 0% used [0x000000076ab00000,0x000000076ab00000,0x000000077a800000)
  from space 10752K, 99% used [0x000000077a800000,0x000000077b278388,0x000000077b280000)
  to   space 14848K, 0% used [0x0000000787200000,0x0000000787200000,0x0000000788080000)
 ParOldGen       total 78848K, used 11712K [0x00000006c0000000, 0x00000006c4d00000, 0x000000076ab00000)
  object space 78848K, 14% used [0x00000006c0000000,0x00000006c0b70288,0x00000006c4d00000)
 Metaspace       used 34832K, capacity 36468K, committed 36600K, reserved 1081344K
  class space    used 4601K, capacity 4917K, committed 4992K, reserved 1048576K
Event: 2.474 GC heap after
Heap after GC invocations=9 (full 2):
 PSYoungGen      total 269824K, used 0K [0x000000076ab00000, 0x0000000788080000, 0x00000007c0000000)
  eden space 259072K, 0% used [0x000000076ab00000,0x000000076ab00000,0x000000077a800000)
  from space 10752K, 0% used [0x000000077a800000,0x000000077a800000,0x000000077b280000)
  to   space 14848K, 0% used [0x0000000787200000,0x0000000787200000,0x0000000788080000)
 ParOldGen       total 115200K, used 20540K [0x00000006c0000000, 0x00000006c7080000, 0x000000076ab00000)
  object space 115200K, 17% used [0x00000006c0000000,0x00000006c140f070,0x00000006c7080000)
 Metaspace       used 34831K, capacity 36462K, committed 36600K, reserved 1081344K
  class space    used 4601K, capacity 4916K, committed 4992K, reserved 1048576K
}
Event: 3.926 GC heap before
{Heap before GC invocations=10 (full 2):
 PSYoungGen      total 269824K, used 259072K [0x000000076ab00000, 0x0000000788080000, 0x00000007c0000000)
  eden space 259072K, 100% used [0x000000076ab00000,0x000000077a800000,0x000000077a800000)
  from space 10752K, 0% used [0x000000077a800000,0x000000077a800000,0x000000077b280000)
  to   space 14848K, 0% used [0x0000000787200000,0x0000000787200000,0x0000000788080000)
 ParOldGen       total 115200K, used 20540K [0x00000006c0000000, 0x00000006c7080000, 0x000000076ab00000)
  object space 115200K, 17% used [0x00000006c0000000,0x00000006c140f070,0x00000006c7080000)
 Metaspace       used 54116K, capacity 56624K, committed 56904K, reserved 1097728K
  class space    used 7545K, capacity 8000K, committed 8064K, reserved 1048576K
Event: 3.943 GC heap after
Heap after GC invocations=10 (full 2):
 PSYoungGen      total 452608K, used 14837K [0x000000076ab00000, 0x0000000788080000, 0x00000007c0000000)
  eden space 437760K, 0% used [0x000000076ab00000,0x000000076ab00000,0x0000000785680000)
  from space 14848K, 99% used [0x0000000787200000,0x000000078807d450,0x0000000788080000)
  to   space 20480K, 0% used [0x0000000785880000,0x0000000785880000,0x0000000786c80000)
 ParOldGen       total 115200K, used 29045K [0x00000006c0000000, 0x00000006c7080000, 0x000000076ab00000)
  object space 115200K, 25% used [0x00000006c0000000,0x00000006c1c5d528,0x00000006c7080000)
 Metaspace       used 54116K, capacity 56624K, committed 56904K, reserved 1097728K
  class space    used 7545K, capacity 8000K, committed 8064K, reserved 1048576K
}
Event: 12.079 GC heap before
{Heap before GC invocations=11 (full 2):
 PSYoungGen      total 452608K, used 112741K [0x000000076ab00000, 0x0000000788080000, 0x00000007c0000000)
  eden space 437760K, 22% used [0x000000076ab00000,0x0000000770a9c298,0x0000000785680000)
  from space 14848K, 99% used [0x0000000787200000,0x000000078807d450,0x0000000788080000)
  to   space 20480K, 0% used [0x0000000785880000,0x0000000785880000,0x0000000786c80000)
 ParOldGen       total 115200K, used 29045K [0x00000006c0000000, 0x00000006c7080000, 0x000000076ab00000)
  object space 115200K, 25% used [0x00000006c0000000,0x00000006c1c5d528,0x00000006c7080000)
 Metaspace       used 58013K, capacity 60818K, committed 61000K, reserved 1101824K
  class space    used 8084K, capacity 8569K, committed 8576K, reserved 1048576K
Event: 12.090 GC heap after
Heap after GC invocations=11 (full 2):
 PSYoungGen      total 460288K, used 11547K [0x000000076ab00000, 0x0000000791e80000, 0x00000007c0000000)
  eden space 439808K, 0% used [0x000000076ab00000,0x000000076ab00000,0x0000000785880000)
  from space 20480K, 56% used [0x0000000785880000,0x00000007863c6ef0,0x0000000786c80000)
  to   space 19968K, 0% used [0x0000000790b00000,0x0000000790b00000,0x0000000791e80000)
 ParOldGen       total 115200K, used 29053K [0x00000006c0000000, 0x00000006c7080000, 0x000000076ab00000)
  object space 115200K, 25% used [0x00000006c0000000,0x00000006c1c5f528,0x00000006c7080000)
 Metaspace       used 58013K, capacity 60818K, committed 61000K, reserved 1101824K
  class space    used 8084K, capacity 8569K, committed 8576K, reserved 1048576K
}
Event: 12.090 GC heap before
{Heap before GC invocations=12 (full 3):
 PSYoungGen      total 460288K, used 11547K [0x000000076ab00000, 0x0000000791e80000, 0x00000007c0000000)
  eden space 439808K, 0% used [0x000000076ab00000,0x000000076ab00000,0x0000000785880000)
  from space 20480K, 56% used [0x0000000785880000,0x00000007863c6ef0,0x0000000786c80000)
  to   space 19968K, 0% used [0x0000000790b00000,0x0000000790b00000,0x0000000791e80000)
 ParOldGen       total 115200K, used 29053K [0x00000006c0000000, 0x00000006c7080000, 0x000000076ab00000)
  object space 115200K, 25% used [0x00000006c0000000,0x00000006c1c5f528,0x00000006c7080000)
 Metaspace       used 58013K, capacity 60818K, committed 61000K, reserved 1101824K
  class space    used 8084K, capacity 8569K, committed 8576K, reserved 1048576K
Event: 12.191 GC heap after
Heap after GC invocations=12 (full 3):
 PSYoungGen      total 460288K, used 0K [0x000000076ab00000, 0x0000000791e80000, 0x00000007c0000000)
  eden space 439808K, 0% used [0x000000076ab00000,0x000000076ab00000,0x0000000785880000)
  from space 20480K, 0% used [0x0000000785880000,0x0000000785880000,0x0000000786c80000)
  to   space 19968K, 0% used [0x0000000790b00000,0x0000000790b00000,0x0000000791e80000)
 ParOldGen       total 138752K, used 23709K [0x00000006c0000000, 0x00000006c8780000, 0x000000076ab00000)
  object space 138752K, 17% used [0x00000006c0000000,0x00000006c1727470,0x00000006c8780000)
 Metaspace       used 58013K, capacity 60818K, committed 61000K, reserved 1101824K
  class space    used 8084K, capacity 8569K, committed 8576K, reserved 1048576K
}

